22:17:37 **** Incremental Build of configuration Debug for project modbus-rtu-slave ****
make -j16 all 
arm-none-eabi-gcc "../Core/Src/MB_Processor.c" -mcpu=cortex-m4 -std=gnu11 -g3 -DDEBUG -DUSE_HAL_DRIVER -DSTM32F446xx -c -I../Core/Inc -I../Drivers/STM32F4xx_HAL_Driver/Inc -I../Drivers/STM32F4xx_HAL_Driver/Inc/Legacy -I../Drivers/CMSIS/Device/ST/STM32F4xx/Include -I../Drivers/CMSIS/Include -O0 -Wall -fstack-usage -MMD -MP -MF"Core/Src/MB_Processor.d" -MT"Core/Src/MB_Processor.o" --specs=nano.specs -mfpu=fpv4-sp-d16 -mfloat-abi=hard -mthumb -o "Core/Src/MB_Processor.o"
arm-none-eabi-gcc "../Core/Src/main.c" -mcpu=cortex-m4 -std=gnu11 -g3 -DDEBUG -DUSE_HAL_DRIVER -DSTM32F446xx -c -I../Core/Inc -I../Drivers/STM32F4xx_HAL_Driver/Inc -I../Drivers/STM32F4xx_HAL_Driver/Inc/Legacy -I../Drivers/CMSIS/Device/ST/STM32F4xx/Include -I../Drivers/CMSIS/Include -O0 -Wall -fstack-usage -MMD -MP -MF"Core/Src/main.d" -MT"Core/Src/main.o" --specs=nano.specs -mfpu=fpv4-sp-d16 -mfloat-abi=hard -mthumb -o "Core/Src/main.o"
arm-none-eabi-gcc "../Core/Src/stm32f4xx_hal_msp.c" -mcpu=cortex-m4 -std=gnu11 -g3 -DDEBUG -DUSE_HAL_DRIVER -DSTM32F446xx -c -I../Core/Inc -I../Drivers/STM32F4xx_HAL_Driver/Inc -I../Drivers/STM32F4xx_HAL_Driver/Inc/Legacy -I../Drivers/CMSIS/Device/ST/STM32F4xx/Include -I../Drivers/CMSIS/Include -O0 -Wall -fstack-usage -MMD -MP -MF"Core/Src/stm32f4xx_hal_msp.d" -MT"Core/Src/stm32f4xx_hal_msp.o" --specs=nano.specs -mfpu=fpv4-sp-d16 -mfloat-abi=hard -mthumb -o "Core/Src/stm32f4xx_hal_msp.o"
arm-none-eabi-gcc "../Core/Src/stm32f4xx_it.c" -mcpu=cortex-m4 -std=gnu11 -g3 -DDEBUG -DUSE_HAL_DRIVER -DSTM32F446xx -c -I../Core/Inc -I../Drivers/STM32F4xx_HAL_Driver/Inc -I../Drivers/STM32F4xx_HAL_Driver/Inc/Legacy -I../Drivers/CMSIS/Device/ST/STM32F4xx/Include -I../Drivers/CMSIS/Include -O0 -Wall -fstack-usage -MMD -MP -MF"Core/Src/stm32f4xx_it.d" -MT"Core/Src/stm32f4xx_it.o" --specs=nano.specs -mfpu=fpv4-sp-d16 -mfloat-abi=hard -mthumb -o "Core/Src/stm32f4xx_it.o"
../Core/Src/MB_Processor.c: In function 'AppendCRCtoMBRegister':
../Core/Src/MB_Processor.c:43:11: warning: implicit declaration of function 'CRC16'; did you mean 'CRC'? [-Wimplicit-function-declaration]
   43 |  crcvalue=CRC16(data_in,packtop);
      |           ^~~~~
      |           CRC
arm-none-eabi-gcc -o "modbus-rtu-slave.elf" @"objects.list"   -mcpu=cortex-m4 -T"C:\CodeLib\ARM-Cortex4-STMF4\EmbededArmSTMprojects\Modbus RTU\modbus-rtu-slave\STM32F446RETX_FLASH.ld" --specs=nosys.specs -Wl,-Map="modbus-rtu-slave.map" -Wl,--gc-sections -static --specs=nano.specs -mfpu=fpv4-sp-d16 -mfloat-abi=hard -mthumb -Wl,--start-group -lc -lm -Wl,--end-group
c:\st\stm32cubeide_1.9.0\stm32cubeide\plugins\com.st.stm32cube.ide.mcu.externaltools.gnu-tools-for-stm32.10.3-2021.10.win32_1.0.0.202111181127\tools\arm-none-eabi\bin\ld.exe: ./Core/Src/main.o:C:/CodeLib/ARM-Cortex4-STMF4/EmbededArmSTMprojects/Modbus RTU/modbus-rtu-slave/Debug/../Core/Inc/main.h:80: multiple definition of `ResponseFrameSize'; ./Core/Src/MB_Processor.o:C:/CodeLib/ARM-Cortex4-STMF4/EmbededArmSTMprojects/Modbus RTU/modbus-rtu-slave/Debug/../Core/Inc/main.h:80: first defined here
c:\st\stm32cubeide_1.9.0\stm32cubeide\plugins\com.st.stm32cube.ide.mcu.externaltools.gnu-tools-for-stm32.10.3-2021.10.win32_1.0.0.202111181127\tools\arm-none-eabi\bin\ld.exe: ./Core/Src/main.o:C:/CodeLib/ARM-Cortex4-STMF4/EmbededArmSTMprojects/Modbus RTU/modbus-rtu-slave/Debug/../Core/Inc/main.h:82: multiple definition of `data_in'; ./Core/Src/MB_Processor.o:C:/CodeLib/ARM-Cortex4-STMF4/EmbededArmSTMprojects/Modbus RTU/modbus-rtu-slave/Debug/../Core/Inc/main.h:82: first defined here
c:\st\stm32cubeide_1.9.0\stm32cubeide\plugins\com.st.stm32cube.ide.mcu.externaltools.gnu-tools-for-stm32.10.3-2021.10.win32_1.0.0.202111181127\tools\arm-none-eabi\bin\ld.exe: ./Core/Src/main.o:C:/CodeLib/ARM-Cortex4-STMF4/EmbededArmSTMprojects/Modbus RTU/modbus-rtu-slave/Debug/../Core/Inc/main.h:83: multiple definition of `DataPos'; ./Core/Src/MB_Processor.o:C:/CodeLib/ARM-Cortex4-STMF4/EmbededArmSTMprojects/Modbus RTU/modbus-rtu-slave/Debug/../Core/Inc/main.h:83: first defined here
c:\st\stm32cubeide_1.9.0\stm32cubeide\plugins\com.st.stm32cube.ide.mcu.externaltools.gnu-tools-for-stm32.10.3-2021.10.win32_1.0.0.202111181127\tools\arm-none-eabi\bin\ld.exe: ./Core/Src/main.o:C:/CodeLib/ARM-Cortex4-STMF4/EmbededArmSTMprojects/Modbus RTU/modbus-rtu-slave/Debug/../Core/Inc/MB_Processor.h:13: multiple definition of `MY_SLAVE_ID'; ./Core/Src/MB_Processor.o:C:/CodeLib/ARM-Cortex4-STMF4/EmbededArmSTMprojects/Modbus RTU/modbus-rtu-slave/Debug/../Core/Inc/MB_Processor.h:13: first defined here
c:\st\stm32cubeide_1.9.0\stm32cubeide\plugins\com.st.stm32cube.ide.mcu.externaltools.gnu-tools-for-stm32.10.3-2021.10.win32_1.0.0.202111181127\tools\arm-none-eabi\bin\ld.exe: ./Core/Src/main.o: in function `MBRegisterCount':
C:/CodeLib/ARM-Cortex4-STMF4/EmbededArmSTMprojects/Modbus RTU/modbus-rtu-slave/Debug/../Core/Src/main.c:62: multiple definition of `MBRegisterCount'; ./Core/Src/MB_Processor.o:C:/CodeLib/ARM-Cortex4-STMF4/EmbededArmSTMprojects/Modbus RTU/modbus-rtu-slave/Debug/../Core/Src/MB_Processor.c:13: first defined here
c:\st\stm32cubeide_1.9.0\stm32cubeide\plugins\com.st.stm32cube.ide.mcu.externaltools.gnu-tools-for-stm32.10.3-2021.10.win32_1.0.0.202111181127\tools\arm-none-eabi\bin\ld.exe: ./Core/Src/main.o: in function `AppendDatatoMBRegister':
C:/CodeLib/ARM-Cortex4-STMF4/EmbededArmSTMprojects/Modbus RTU/modbus-rtu-slave/Debug/../Core/Src/main.c:67: multiple definition of `AppendDatatoMBRegister'; ./Core/Src/MB_Processor.o:C:/CodeLib/ARM-Cortex4-STMF4/EmbededArmSTMprojects/Modbus RTU/modbus-rtu-slave/Debug/../Core/Src/MB_Processor.c:18: first defined here
c:\st\stm32cubeide_1.9.0\stm32cubeide\plugins\com.st.stm32cube.ide.mcu.externaltools.gnu-tools-for-stm32.10.3-2021.10.win32_1.0.0.202111181127\tools\arm-none-eabi\bin\ld.exe: ./Core/Src/main.o: in function `MBStartAddress':
C:/CodeLib/ARM-Cortex4-STMF4/EmbededArmSTMprojects/Modbus RTU/modbus-rtu-slave/Debug/../Core/Src/main.c:76: multiple definition of `MBStartAddress'; ./Core/Src/MB_Processor.o:C:/CodeLib/ARM-Cortex4-STMF4/EmbededArmSTMprojects/Modbus RTU/modbus-rtu-slave/Debug/../Core/Src/MB_Processor.c:27: first defined here
c:\st\stm32cubeide_1.9.0\stm32cubeide\plugins\com.st.stm32cube.ide.mcu.externaltools.gnu-tools-for-stm32.10.3-2021.10.win32_1.0.0.202111181127\tools\arm-none-eabi\bin\ld.exe: ./Core/Src/main.o: in function `MBSendData':
C:/CodeLib/ARM-Cortex4-STMF4/EmbededArmSTMprojects/Modbus RTU/modbus-rtu-slave/Debug/../Core/Src/main.c:81: multiple definition of `MBSendData'; ./Core/Src/MB_Processor.o:C:/CodeLib/ARM-Cortex4-STMF4/EmbededArmSTMprojects/Modbus RTU/modbus-rtu-slave/Debug/../Core/Src/MB_Processor.c:32: first defined here
c:\st\stm32cubeide_1.9.0\stm32cubeide\plugins\com.st.stm32cube.ide.mcu.externaltools.gnu-tools-for-stm32.10.3-2021.10.win32_1.0.0.202111181127\tools\arm-none-eabi\bin\ld.exe: ./Core/Src/main.o: in function `AppendCRCtoMBRegister':
C:/CodeLib/ARM-Cortex4-STMF4/EmbededArmSTMprojects/Modbus RTU/modbus-rtu-slave/Debug/../Core/Src/main.c:90: multiple definition of `AppendCRCtoMBRegister'; ./Core/Src/MB_Processor.o:C:/CodeLib/ARM-Cortex4-STMF4/EmbededArmSTMprojects/Modbus RTU/modbus-rtu-slave/Debug/../Core/Src/MB_Processor.c:41: first defined here
c:\st\stm32cubeide_1.9.0\stm32cubeide\plugins\com.st.stm32cube.ide.mcu.externaltools.gnu-tools-for-stm32.10.3-2021.10.win32_1.0.0.202111181127\tools\arm-none-eabi\bin\ld.exe: ./Core/Src/main.o: in function `MBException':
C:/CodeLib/ARM-Cortex4-STMF4/EmbededArmSTMprojects/Modbus RTU/modbus-rtu-slave/Debug/../Core/Src/main.c:100: multiple definition of `MBException'; ./Core/Src/MB_Processor.o:C:/CodeLib/ARM-Cortex4-STMF4/EmbededArmSTMprojects/Modbus RTU/modbus-rtu-slave/Debug/../Core/Src/MB_Processor.c:51: first defined here
c:\st\stm32cubeide_1.9.0\stm32cubeide\plugins\com.st.stm32cube.ide.mcu.externaltools.gnu-tools-for-stm32.10.3-2021.10.win32_1.0.0.202111181127\tools\arm-none-eabi\bin\ld.exe: ./Core/Src/main.o: in function `MBProcessRegisters':
C:/CodeLib/ARM-Cortex4-STMF4/EmbededArmSTMprojects/Modbus RTU/modbus-rtu-slave/Debug/../Core/Src/main.c:106: multiple definition of `MBProcessRegisters'; ./Core/Src/MB_Processor.o:C:/CodeLib/ARM-Cortex4-STMF4/EmbededArmSTMprojects/Modbus RTU/modbus-rtu-slave/Debug/../Core/Src/MB_Processor.c:57: first defined here
c:\st\stm32cubeide_1.9.0\stm32cubeide\plugins\com.st.stm32cube.ide.mcu.externaltools.gnu-tools-for-stm32.10.3-2021.10.win32_1.0.0.202111181127\tools\arm-none-eabi\bin\ld.exe: ./Core/Src/stm32f4xx_hal_msp.o:C:/CodeLib/ARM-Cortex4-STMF4/EmbededArmSTMprojects/Modbus RTU/modbus-rtu-slave/Debug/../Core/Inc/main.h:80: multiple definition of `ResponseFrameSize'; ./Core/Src/MB_Processor.o:C:/CodeLib/ARM-Cortex4-STMF4/EmbededArmSTMprojects/Modbus RTU/modbus-rtu-slave/Debug/../Core/Inc/main.h:80: first defined here
c:\st\stm32cubeide_1.9.0\stm32cubeide\plugins\com.st.stm32cube.ide.mcu.externaltools.gnu-tools-for-stm32.10.3-2021.10.win32_1.0.0.202111181127\tools\arm-none-eabi\bin\ld.exe: ./Core/Src/stm32f4xx_hal_msp.o:C:/CodeLib/ARM-Cortex4-STMF4/EmbededArmSTMprojects/Modbus RTU/modbus-rtu-slave/Debug/../Core/Inc/main.h:82: multiple definition of `data_in'; ./Core/Src/MB_Processor.o:C:/CodeLib/ARM-Cortex4-STMF4/EmbededArmSTMprojects/Modbus RTU/modbus-rtu-slave/Debug/../Core/Inc/main.h:82: first defined here
c:\st\stm32cubeide_1.9.0\stm32cubeide\plugins\com.st.stm32cube.ide.mcu.externaltools.gnu-tools-for-stm32.10.3-2021.10.win32_1.0.0.202111181127\tools\arm-none-eabi\bin\ld.exe: ./Core/Src/stm32f4xx_hal_msp.o:C:/CodeLib/ARM-Cortex4-STMF4/EmbededArmSTMprojects/Modbus RTU/modbus-rtu-slave/Debug/../Core/Inc/main.h:83: multiple definition of `DataPos'; ./Core/Src/MB_Processor.o:C:/CodeLib/ARM-Cortex4-STMF4/EmbededArmSTMprojects/Modbus RTU/modbus-rtu-slave/Debug/../Core/Inc/main.h:83: first defined here
c:\st\stm32cubeide_1.9.0\stm32cubeide\plugins\com.st.stm32cube.ide.mcu.externaltools.gnu-tools-for-stm32.10.3-2021.10.win32_1.0.0.202111181127\tools\arm-none-eabi\bin\ld.exe: ./Core/Src/stm32f4xx_it.o:C:/CodeLib/ARM-Cortex4-STMF4/EmbededArmSTMprojects/Modbus RTU/modbus-rtu-slave/Debug/../Core/Inc/main.h:80: multiple definition of `ResponseFrameSize'; ./Core/Src/MB_Processor.o:C:/CodeLib/ARM-Cortex4-STMF4/EmbededArmSTMprojects/Modbus RTU/modbus-rtu-slave/Debug/../Core/Inc/main.h:80: first defined here
c:\st\stm32cubeide_1.9.0\stm32cubeide\plugins\com.st.stm32cube.ide.mcu.externaltools.gnu-tools-for-stm32.10.3-2021.10.win32_1.0.0.202111181127\tools\arm-none-eabi\bin\ld.exe: ./Core/Src/stm32f4xx_it.o:C:/CodeLib/ARM-Cortex4-STMF4/EmbededArmSTMprojects/Modbus RTU/modbus-rtu-slave/Debug/../Core/Inc/main.h:82: multiple definition of `data_in'; ./Core/Src/MB_Processor.o:C:/CodeLib/ARM-Cortex4-STMF4/EmbededArmSTMprojects/Modbus RTU/modbus-rtu-slave/Debug/../Core/Inc/main.h:82: first defined here
c:\st\stm32cubeide_1.9.0\stm32cubeide\plugins\com.st.stm32cube.ide.mcu.externaltools.gnu-tools-for-stm32.10.3-2021.10.win32_1.0.0.202111181127\tools\arm-none-eabi\bin\ld.exe: ./Core/Src/stm32f4xx_it.o:C:/CodeLib/ARM-Cortex4-STMF4/EmbededArmSTMprojects/Modbus RTU/modbus-rtu-slave/Debug/../Core/Inc/main.h:83: multiple definition of `DataPos'; ./Core/Src/MB_Processor.o:C:/CodeLib/ARM-Cortex4-STMF4/EmbededArmSTMprojects/Modbus RTU/modbus-rtu-slave/Debug/../Core/Inc/main.h:83: first defined here
collect2.exe: error: ld returned 1 exit status
make: *** [makefile:65: modbus-rtu-slave.elf] Error 1
"make -j16 all" terminated with exit code 2. Build might be incomplete.

22:17:38 Build Failed. 25 errors, 1 warnings. (took 706ms)

